[imagora-worker] tick failed PrismaClientKnownRequestError: Server has closed the connection.
    at Qr.transaction (E:\个人项目\Imagora\node_modules\@prisma\client\runtime\library.js:111:11521)
    at async Proxy._transactionWithCallback (E:\个人项目\Imagora\node_modules\@prisma\client\runtime\library.js:130:8044)
    at async file:///E:/%E4%B8%AA%E4%BA%BA%E9%A1%B9%E7%9B%AE/Imagora/packages/database/dist/index.js:558:13 {
  code: 'P1017',
  meta: null,
  clientVersion: '6.19.3'
}
[imagora-worker] tick failed PrismaClientKnownRequestError: Server has closed the connection.
    at Qr.transaction (E:\个人项目\Imagora\node_modules\@prisma\client\runtime\library.js:111:11521)
    at async Proxy._transactionWithCallback (E:\个人项目\Imagora\node_modules\@prisma\client\runtime\library.js:130:8044)
    at async file:///E:/%E4%B8%AA%E4%BA%BA%E9%A1%B9%E7%9B%AE/Imagora/packages/database/dist/index.js:558:13 {
  code: 'P1017',
  meta: null,
  clientVersion: '6.19.3'
}
[imagora-worker] tick failed PrismaClientKnownRequestError: Server has closed the connection.
    at Qr.transaction (E:\个人项目\Imagora\node_modules\@prisma\client\runtime\library.js:111:11521)
    at async Proxy._transactionWithCallback (E:\个人项目\Imagora\node_modules\@prisma\client\runtime\library.js:130:8044)
    at async file:///E:/%E4%B8%AA%E4%BA%BA%E9%A1%B9%E7%9B%AE/Imagora/packages/database/dist/index.js:558:13 {
  code: 'P1017',
  meta: null,
  clientVersion: '6.19.3'
}
